<?xml version="1.0" encoding="UTF-8"?>
<!-- Generated by org.testng.reporters.JUnitXMLReporter -->
<testsuite hostname="Timer" name="activatestudycard" tests="4" failures="0" timestamp="13 Jan 2017 09:37:57 GMT" time="2.324" errors="0">
  <testcase name="registerSuccessFunction" time="0.036" classname="com.mistong.interfacetest.testcases.reglogin.studycard_001_activate_test"/>
  <testcase name="registerSuccessFunction" time="0.573" classname="com.mistong.interfacetest.testcases.reglogin.studycard_001_activate_test"/>
  <testcase name="registerSuccessFunction" time="0.877" classname="com.mistong.interfacetest.testcases.reglogin.studycard_001_activate_test"/>
  <testcase name="registerSuccessFunction" time="0.623" classname="com.mistong.interfacetest.testcases.reglogin.studycard_001_activate_test"/>
</testsuite> <!-- activatestudycard -->
