<?xml version="1.0" encoding="UTF-8"?>
<!-- Generated by org.testng.reporters.JUnitXMLReporter -->
<testsuite hostname="Timer" name="apple01" tests="4" failures="0" timestamp="13 Jan 2017 09:43:23 GMT" time="0.136" errors="0">
  <testcase name="testCase" time="0.007" classname="com.mistong.interfacetest.testcases.apple.apple_001_issendaudit_test"/>
  <testcase name="testCase" time="0.011" classname="com.mistong.interfacetest.testcases.apple.apple_001_issendaudit_test"/>
  <testcase name="testCase" time="0.012" classname="com.mistong.interfacetest.testcases.apple.apple_001_issendaudit_test"/>
  <testcase name="testCase" time="0.02" classname="com.mistong.interfacetest.testcases.apple.apple_001_issendaudit_test"/>
</testsuite> <!-- apple01 -->
