<?xml version="1.0" encoding="UTF-8"?>
<!-- Generated by org.testng.reporters.JUnitXMLReporter -->
<testsuite hostname="Timer" name="apple02" tests="2" failures="0" timestamp="13 Jan 2017 09:43:29 GMT" time="6.084" errors="0">
  <testcase name="testCase" time="0.011" classname="com.mistong.interfacetest.testcases.apple.apple_002_createcryptonymaccount_test"/>
  <testcase name="testCase" time="5.175" classname="com.mistong.interfacetest.testcases.apple.apple_002_createcryptonymaccount_test"/>
</testsuite> <!-- apple02 -->
