<?xml version="1.0" encoding="UTF-8"?>
<!-- Generated by org.testng.reporters.JUnitXMLReporter -->
<testsuite hostname="Timer" name="burypoint03" tests="5" failures="0" timestamp="13 Jan 2017 09:43:20 GMT" time="0.709" errors="0">
  <testcase name="testCase" time="0.068" classname="com.mistong.interfacetest.testcases.burypoint.burypoint_003_functiondatagather_test"/>
  <testcase name="testCase" time="0.035" classname="com.mistong.interfacetest.testcases.burypoint.burypoint_003_functiondatagather_test"/>
  <testcase name="testCase" time="0.041" classname="com.mistong.interfacetest.testcases.burypoint.burypoint_003_functiondatagather_test"/>
  <testcase name="testCase" time="0.033" classname="com.mistong.interfacetest.testcases.burypoint.burypoint_003_functiondatagather_test"/>
  <testcase name="testCase" time="0.028" classname="com.mistong.interfacetest.testcases.burypoint.burypoint_003_functiondatagather_test"/>
</testsuite> <!-- burypoint03 -->
