<?xml version="1.0" encoding="UTF-8"?>
<!-- Generated by org.testng.reporters.JUnitXMLReporter -->
<testsuite hostname="Timer" name="burypoint01" tests="6" failures="0" timestamp="13 Jan 2017 09:43:19 GMT" time="1.453" errors="0">
  <testcase name="testCase" time="0.011" classname="com.mistong.interfacetest.testcases.burypoint.burypoint_001_bannerclickdatagather_test"/>
  <testcase name="testCase" time="0.266" classname="com.mistong.interfacetest.testcases.burypoint.burypoint_001_bannerclickdatagather_test"/>
  <testcase name="testCase" time="0.112" classname="com.mistong.interfacetest.testcases.burypoint.burypoint_001_bannerclickdatagather_test"/>
  <testcase name="testCase" time="0.128" classname="com.mistong.interfacetest.testcases.burypoint.burypoint_001_bannerclickdatagather_test"/>
  <testcase name="testCase" time="0.123" classname="com.mistong.interfacetest.testcases.burypoint.burypoint_001_bannerclickdatagather_test"/>
  <testcase name="testCase" time="0.125" classname="com.mistong.interfacetest.testcases.burypoint.burypoint_001_bannerclickdatagather_test"/>
</testsuite> <!-- burypoint01 -->
