<?xml version="1.0" encoding="UTF-8"?>
<!-- Generated by org.testng.reporters.JUnitXMLReporter -->
<testsuite hostname="Timer" name="burypoint02" tests="3" failures="0" timestamp="13 Jan 2017 09:43:20 GMT" time="0.948" errors="0">
  <testcase name="testCase" time="0.032" classname="com.mistong.interfacetest.testcases.burypoint.burypoint_002_basedatagather_test"/>
  <testcase name="testCase" time="0.042" classname="com.mistong.interfacetest.testcases.burypoint.burypoint_002_basedatagather_test"/>
  <testcase name="testCase" time="0.056" classname="com.mistong.interfacetest.testcases.burypoint.burypoint_002_basedatagather_test"/>
</testsuite> <!-- burypoint02 -->
