<?xml version="1.0" encoding="UTF-8"?>
<!-- Generated by org.testng.reporters.JUnitXMLReporter -->
<testsuite hostname="Timer" name="choosesubject" tests="4" failures="1" timestamp="13 Jan 2017 09:37:59 GMT" time="0.712" errors="0">
  <testcase name="registerSuccessFunction" time="0.017" classname="com.mistong.interfacetest.testcases.reglogin.choosesubject_001_confirm_test"/>
  <testcase name="registerSuccessFunction" time="0.181" classname="com.mistong.interfacetest.testcases.reglogin.choosesubject_001_confirm_test">
    <failure type="java.lang.AssertionError" message="expected [true] but found [false]">
      <![CDATA[java.lang.AssertionError: expected [true] but found [false]
	at com.mistong.interfacetest.util.UnirestUtil.InterfaceTest(UnirestUtil.java:66)
	at com.mistong.interfacetest.testcases.reglogin.choosesubject_001_confirm_test.registerSuccessFunction(choosesubject_001_confirm_test.java:55)
... Removed 28 stack frames]]>
    </failure>
  </testcase> <!-- registerSuccessFunction -->
  <testcase name="registerSuccessFunction" time="0.158" classname="com.mistong.interfacetest.testcases.reglogin.choosesubject_001_confirm_test"/>
  <testcase name="registerSuccessFunction" time="0.047" classname="com.mistong.interfacetest.testcases.reglogin.choosesubject_001_confirm_test"/>
</testsuite> <!-- choosesubject -->
