<?xml version="1.0" encoding="UTF-8"?>
<!-- Generated by org.testng.reporters.JUnitXMLReporter -->
<testsuite hostname="Timer" name="circle03" tests="4" failures="0" timestamp="13 Jan 2017 09:42:44 GMT" time="0.663" errors="0">
  <testcase name="testCase" time="0.015" classname="com.mistong.interfacetest.testcases.circle.circle_003_focus_test"/>
  <testcase name="testCase" time="0.224" classname="com.mistong.interfacetest.testcases.circle.circle_003_focus_test"/>
  <testcase name="testCase" time="0.049" classname="com.mistong.interfacetest.testcases.circle.circle_003_focus_test"/>
  <testcase name="testCase" time="0.017" classname="com.mistong.interfacetest.testcases.circle.circle_003_focus_test"/>
</testsuite> <!-- circle03 -->
