<?xml version="1.0" encoding="UTF-8"?>
<!-- Generated by org.testng.reporters.JUnitXMLReporter -->
<testsuite hostname="Timer" name="circle08" tests="4" failures="0" timestamp="13 Jan 2017 09:42:53 GMT" time="1.885" errors="0">
  <testcase name="testCase" time="0.011" classname="com.mistong.interfacetest.testcases.circle.circle_008_replytopic_test"/>
  <testcase name="testCase" time="0.015" classname="com.mistong.interfacetest.testcases.circle.circle_008_replytopic_test"/>
  <testcase name="testCase" time="0.442" classname="com.mistong.interfacetest.testcases.circle.circle_008_replytopic_test"/>
  <testcase name="testCase" time="0.562" classname="com.mistong.interfacetest.testcases.circle.circle_008_replytopic_test"/>
</testsuite> <!-- circle08 -->
