<?xml version="1.0" encoding="UTF-8"?>
<!-- Generated by org.testng.reporters.JUnitXMLReporter -->
<testsuite hostname="Timer" name="circle01" tests="5" failures="0" timestamp="13 Jan 2017 09:42:41 GMT" time="0.707" errors="0">
  <testcase name="testCase" time="0.015" classname="com.mistong.interfacetest.testcases.circle.circle_001_firstpagelist_test"/>
  <testcase name="testCase" time="0.101" classname="com.mistong.interfacetest.testcases.circle.circle_001_firstpagelist_test"/>
  <testcase name="testCase" time="0.069" classname="com.mistong.interfacetest.testcases.circle.circle_001_firstpagelist_test"/>
  <testcase name="testCase" time="0.062" classname="com.mistong.interfacetest.testcases.circle.circle_001_firstpagelist_test"/>
  <testcase name="testCase" time="0.064" classname="com.mistong.interfacetest.testcases.circle.circle_001_firstpagelist_test"/>
</testsuite> <!-- circle01 -->
