<?xml version="1.0" encoding="UTF-8"?>
<!-- Generated by org.testng.reporters.JUnitXMLReporter -->
<testsuite hostname="Timer" name="circle10" tests="4" failures="0" timestamp="13 Jan 2017 09:42:55 GMT" time="1.061" errors="0">
  <testcase name="testCase" time="0.01" classname="com.mistong.interfacetest.testcases.circle.circle_010_praisereply_test"/>
  <testcase name="testCase" time="0.014" classname="com.mistong.interfacetest.testcases.circle.circle_010_praisereply_test"/>
  <testcase name="testCase" time="0.032" classname="com.mistong.interfacetest.testcases.circle.circle_010_praisereply_test"/>
  <testcase name="testCase" time="0.028" classname="com.mistong.interfacetest.testcases.circle.circle_010_praisereply_test"/>
</testsuite> <!-- circle10 -->
