<?xml version="1.0" encoding="UTF-8"?>
<!-- Generated by org.testng.reporters.JUnitXMLReporter -->
<testsuite hostname="Timer" name="circle05" tests="5" failures="0" timestamp="13 Jan 2017 09:42:48 GMT" time="3.397" errors="0">
  <testcase name="testCase" time="0.013" classname="com.mistong.interfacetest.testcases.circle.circle_005_topicdetail_test"/>
  <testcase name="testCase" time="0.807" classname="com.mistong.interfacetest.testcases.circle.circle_005_topicdetail_test"/>
  <testcase name="testCase" time="2.015" classname="com.mistong.interfacetest.testcases.circle.circle_005_topicdetail_test"/>
  <testcase name="testCase" time="0.027" classname="com.mistong.interfacetest.testcases.circle.circle_005_topicdetail_test"/>
  <testcase name="testCase" time="0.07" classname="com.mistong.interfacetest.testcases.circle.circle_005_topicdetail_test"/>
</testsuite> <!-- circle05 -->
