<?xml version="1.0" encoding="UTF-8"?>
<!-- Generated by org.testng.reporters.JUnitXMLReporter -->
<testsuite hostname="Timer" name="circle04" tests="4" failures="0" timestamp="13 Jan 2017 09:42:45 GMT" time="0.686" errors="0">
  <testcase name="testCase" time="0.013" classname="com.mistong.interfacetest.testcases.circle.circle_004_flower_test"/>
  <testcase name="testCase" time="0.142" classname="com.mistong.interfacetest.testcases.circle.circle_004_flower_test"/>
  <testcase name="testCase" time="0.018" classname="com.mistong.interfacetest.testcases.circle.circle_004_flower_test"/>
  <testcase name="testCase" time="0.02" classname="com.mistong.interfacetest.testcases.circle.circle_004_flower_test"/>
</testsuite> <!-- circle04 -->
