<?xml version="1.0" encoding="UTF-8"?>
<!-- Generated by org.testng.reporters.JUnitXMLReporter -->
<testsuite hostname="Timer" name="circle09" tests="3" failures="0" timestamp="13 Jan 2017 09:42:54 GMT" time="1.104" errors="0">
  <testcase name="testCase" time="0.014" classname="com.mistong.interfacetest.testcases.circle.circle_009_praisetopic_test"/>
  <testcase name="testCase" time="0.036" classname="com.mistong.interfacetest.testcases.circle.circle_009_praisetopic_test"/>
  <testcase name="testCase" time="0.036" classname="com.mistong.interfacetest.testcases.circle.circle_009_praisetopic_test"/>
</testsuite> <!-- circle09 -->
