<?xml version="1.0" encoding="UTF-8"?>
<!-- Generated by org.testng.reporters.JUnitXMLReporter -->
<testsuite hostname="Timer" name="circle11" tests="4" failures="0" timestamp="13 Jan 2017 09:42:56 GMT" time="0.989" errors="0">
  <testcase name="testCase" time="0.012" classname="com.mistong.interfacetest.testcases.circle.circle_011_deductedpoint_test"/>
  <testcase name="testCase" time="0.015" classname="com.mistong.interfacetest.testcases.circle.circle_011_deductedpoint_test"/>
  <testcase name="testCase" time="0.222" classname="com.mistong.interfacetest.testcases.circle.circle_011_deductedpoint_test"/>
  <testcase name="testCase" time="0.196" classname="com.mistong.interfacetest.testcases.circle.circle_011_deductedpoint_test"/>
</testsuite> <!-- circle11 -->
