<?xml version="1.0" encoding="UTF-8"?>
<!-- Generated by org.testng.reporters.JUnitXMLReporter -->
<testsuite hostname="Timer" name="circle06" tests="4" failures="0" timestamp="13 Jan 2017 09:42:50 GMT" time="1.307" errors="0">
  <testcase name="testCase" time="0.011" classname="com.mistong.interfacetest.testcases.circle.circle_006_floorreplydetail_test"/>
  <testcase name="testCase" time="0.013" classname="com.mistong.interfacetest.testcases.circle.circle_006_floorreplydetail_test"/>
  <testcase name="testCase" time="0.072" classname="com.mistong.interfacetest.testcases.circle.circle_006_floorreplydetail_test"/>
  <testcase name="testCase" time="0.319" classname="com.mistong.interfacetest.testcases.circle.circle_006_floorreplydetail_test"/>
</testsuite> <!-- circle06 -->
