<?xml version="1.0" encoding="UTF-8"?>
<!-- Generated by org.testng.reporters.JUnitXMLReporter -->
<testsuite hostname="Timer" name="circle12" tests="12" failures="3" timestamp="13 Jan 2017 09:43:09 GMT" time="12.356" errors="0">
  <testcase name="testCase" time="1.29" classname="com.mistong.interfacetest.testcases.circle.circle_012_publishtopic_test"/>
  <testcase name="testCase" time="1.313" classname="com.mistong.interfacetest.testcases.circle.circle_012_publishtopic_test"/>
  <testcase name="testCase" time="1.294" classname="com.mistong.interfacetest.testcases.circle.circle_012_publishtopic_test"/>
  <testcase name="testCase" time="1.338" classname="com.mistong.interfacetest.testcases.circle.circle_012_publishtopic_test"/>
  <testcase name="testCase" time="0.017" classname="com.mistong.interfacetest.testcases.circle.circle_012_publishtopic_test"/>
  <testcase name="testCase" time="1.304" classname="com.mistong.interfacetest.testcases.circle.circle_012_publishtopic_test">
    <failure type="java.lang.AssertionError" message="expected [true] but found [false]">
      <![CDATA[java.lang.AssertionError: expected [true] but found [false]
	at com.mistong.interfacetest.util.UnirestUtil.InterfaceTest(UnirestUtil.java:66)
	at com.mistong.interfacetest.testcases.circle.circle_012_publishtopic_test.testCase(circle_012_publishtopic_test.java:64)
... Removed 28 stack frames]]>
    </failure>
  </testcase> <!-- testCase -->
  <testcase name="testCase" time="1.244" classname="com.mistong.interfacetest.testcases.circle.circle_012_publishtopic_test"/>
  <testcase name="testCase" time="0.214" classname="com.mistong.interfacetest.testcases.circle.circle_012_publishtopic_test"/>
  <testcase name="testCase" time="1.55" classname="com.mistong.interfacetest.testcases.circle.circle_012_publishtopic_test">
    <failure type="java.lang.AssertionError" message="expected [true] but found [false]">
      <![CDATA[java.lang.AssertionError: expected [true] but found [false]
	at com.mistong.interfacetest.util.UnirestUtil.InterfaceTest(UnirestUtil.java:66)
	at com.mistong.interfacetest.testcases.circle.circle_012_publishtopic_test.testCase(circle_012_publishtopic_test.java:64)
... Removed 28 stack frames]]>
    </failure>
  </testcase> <!-- testCase -->
  <testcase name="testCase" time="1.273" classname="com.mistong.interfacetest.testcases.circle.circle_012_publishtopic_test">
    <failure type="java.lang.AssertionError" message="expected [true] but found [false]">
      <![CDATA[java.lang.AssertionError: expected [true] but found [false]
	at com.mistong.interfacetest.util.UnirestUtil.InterfaceTest(UnirestUtil.java:66)
	at com.mistong.interfacetest.testcases.circle.circle_012_publishtopic_test.testCase(circle_012_publishtopic_test.java:64)
... Removed 28 stack frames]]>
    </failure>
  </testcase> <!-- testCase -->
  <testcase name="testCase" time="0.023" classname="com.mistong.interfacetest.testcases.circle.circle_012_publishtopic_test"/>
  <testcase name="testCase" time="1.324" classname="com.mistong.interfacetest.testcases.circle.circle_012_publishtopic_test"/>
</testsuite> <!-- circle12 -->
