<?xml version="1.0" encoding="UTF-8"?>
<!-- Generated by org.testng.reporters.JUnitXMLReporter -->
<testsuite hostname="Timer" name="circle07" tests="4" failures="0" timestamp="13 Jan 2017 09:42:51 GMT" time="1.65" errors="0">
  <testcase name="testCase" time="0.011" classname="com.mistong.interfacetest.testcases.circle.circle_007_publishtopic_test"/>
  <testcase name="testCase" time="0.015" classname="com.mistong.interfacetest.testcases.circle.circle_007_publishtopic_test"/>
  <testcase name="testCase" time="0.227" classname="com.mistong.interfacetest.testcases.circle.circle_007_publishtopic_test"/>
  <testcase name="testCase" time="0.081" classname="com.mistong.interfacetest.testcases.circle.circle_007_publishtopic_test"/>
</testsuite> <!-- circle07 -->
