<?xml version="1.0" encoding="UTF-8"?>
<!-- Generated by org.testng.reporters.JUnitXMLReporter -->
<testsuite hostname="Timer" name="commodity04" tests="3" failures="0" timestamp="13 Jan 2017 09:40:21 GMT" time="1.236" errors="0">
  <testcase name="testCase" time="0.6" classname="com.mistong.interfacetest.testcases.commodity.commodity_001_getgradesubjectlist_test"/>
  <testcase name="testCase" time="0.077" classname="com.mistong.interfacetest.testcases.commodity.commodity_001_getgradesubjectlist_test"/>
  <testcase name="testCase" time="0.083" classname="com.mistong.interfacetest.testcases.commodity.commodity_001_getgradesubjectlist_test"/>
</testsuite> <!-- commodity04 -->
