<?xml version="1.0" encoding="UTF-8"?>
<!-- Generated by org.testng.reporters.JUnitXMLReporter -->
<testsuite hostname="Timer" name="commodity02" tests="5" failures="0" timestamp="13 Jan 2017 09:40:19 GMT" time="1.06" errors="0">
  <testcase name="testCase" time="0.104" classname="com.mistong.interfacetest.testcases.commodity.courseDetails_001_pass_test"/>
  <testcase name="testCase" time="0.086" classname="com.mistong.interfacetest.testcases.commodity.courseDetails_001_pass_test"/>
  <testcase name="testCase" time="0.085" classname="com.mistong.interfacetest.testcases.commodity.courseDetails_001_pass_test"/>
  <testcase name="testCase" time="0.089" classname="com.mistong.interfacetest.testcases.commodity.courseDetails_001_pass_test"/>
  <testcase name="testCase" time="0.01" classname="com.mistong.interfacetest.testcases.commodity.courseDetails_001_pass_test"/>
</testsuite> <!-- commodity02 -->
