<?xml version="1.0" encoding="UTF-8"?>
<!-- Generated by org.testng.reporters.JUnitXMLReporter -->
<testsuite hostname="Timer" name="commodity01" tests="4" failures="0" timestamp="13 Jan 2017 09:40:18 GMT" time="5.402" errors="0">
  <testcase name="testCase" time="1.965" classname="com.mistong.interfacetest.testcases.commodity.AllCourses_001_pass_test"/>
  <testcase name="testCase" time="0.019" classname="com.mistong.interfacetest.testcases.commodity.AllCourses_001_pass_test"/>
  <testcase name="testCase" time="1.003" classname="com.mistong.interfacetest.testcases.commodity.AllCourses_001_pass_test"/>
  <testcase name="testCase" time="2.067" classname="com.mistong.interfacetest.testcases.commodity.AllCourses_001_pass_test"/>
</testsuite> <!-- commodity01 -->
