<?xml version="1.0" encoding="UTF-8"?>
<!-- Generated by org.testng.reporters.JUnitXMLReporter -->
<testsuite hostname="Timer" name="coursetest02" tests="4" failures="1" timestamp="13 Jan 2017 09:43:31 GMT" time="1.296" errors="0">
  <testcase name="testcase" time="0.431" classname="com.mistong.interfacetest.testcases.coursetest.coursetest_002_submittestBeforeCourse_test"/>
  <testcase name="testcase" time="0.177" classname="com.mistong.interfacetest.testcases.coursetest.coursetest_002_submittestBeforeCourse_test">
    <failure type="java.lang.AssertionError" message="expected [true] but found [false]">
      <![CDATA[java.lang.AssertionError: expected [true] but found [false]
	at com.mistong.interfacetest.util.UnirestUtil.InterfaceTest(UnirestUtil.java:66)
	at com.mistong.interfacetest.testcases.coursetest.coursetest_002_submittestBeforeCourse_test.testcase(coursetest_002_submittestBeforeCourse_test.java:69)
... Removed 28 stack frames]]>
    </failure>
  </testcase> <!-- testcase -->
  <testcase name="testcase" time="0.395" classname="com.mistong.interfacetest.testcases.coursetest.coursetest_002_submittestBeforeCourse_test"/>
  <testcase name="testcase" time="0.172" classname="com.mistong.interfacetest.testcases.coursetest.coursetest_002_submittestBeforeCourse_test"/>
</testsuite> <!-- coursetest02 -->
