<?xml version="1.0" encoding="UTF-8"?>
<!-- Generated by org.testng.reporters.JUnitXMLReporter -->
<testsuite hostname="Timer" name="coursetest01" tests="4" failures="0" timestamp="13 Jan 2017 09:43:30 GMT" time="0.521" errors="0">
  <testcase name="testcase" time="0.171" classname="com.mistong.interfacetest.testcases.coursetest.coursetest_001_testBeforeCourse_test"/>
  <testcase name="testcase" time="0.019" classname="com.mistong.interfacetest.testcases.coursetest.coursetest_001_testBeforeCourse_test"/>
  <testcase name="testcase" time="0.17" classname="com.mistong.interfacetest.testcases.coursetest.coursetest_001_testBeforeCourse_test"/>
  <testcase name="testcase" time="0.018" classname="com.mistong.interfacetest.testcases.coursetest.coursetest_001_testBeforeCourse_test"/>
</testsuite> <!-- coursetest01 -->
