<?xml version="1.0" encoding="UTF-8"?>
<!-- Generated by org.testng.reporters.JUnitXMLReporter -->
<testsuite hostname="Timer" name="coursecollection02" tests="5" failures="0" timestamp="13 Jan 2017 09:43:22 GMT" time="0.89" errors="0">
  <testcase name="testCase" time="0.01" classname="com.mistong.interfacetest.testcases.coursecollection.coursecollection_002_collectioncourse_test"/>
  <testcase name="testCase" time="0.012" classname="com.mistong.interfacetest.testcases.coursecollection.coursecollection_002_collectioncourse_test"/>
  <testcase name="testCase" time="0.018" classname="com.mistong.interfacetest.testcases.coursecollection.coursecollection_002_collectioncourse_test"/>
  <testcase name="testCase" time="0.083" classname="com.mistong.interfacetest.testcases.coursecollection.coursecollection_002_collectioncourse_test"/>
  <testcase name="testCase" time="0.048" classname="com.mistong.interfacetest.testcases.coursecollection.coursecollection_002_collectioncourse_test"/>
</testsuite> <!-- coursecollection02 -->
