<?xml version="1.0" encoding="UTF-8"?>
<!-- Generated by org.testng.reporters.JUnitXMLReporter -->
<testsuite hostname="Timer" name="coursetest09" tests="3" failures="0" timestamp="13 Jan 2017 09:43:35 GMT" time="1.202" errors="0">
  <testcase name="testcase" time="0.351" classname="com.mistong.interfacetest.testcases.coursetest.coursetest_009_answerofonClass_test"/>
  <testcase name="testcase" time="0.386" classname="com.mistong.interfacetest.testcases.coursetest.coursetest_009_answerofonClass_test"/>
  <testcase name="testcase" time="0.344" classname="com.mistong.interfacetest.testcases.coursetest.coursetest_009_answerofonClass_test"/>
</testsuite> <!-- coursetest09 -->
