<?xml version="1.0" encoding="UTF-8"?>
<!-- Generated by org.testng.reporters.JUnitXMLReporter -->
<testsuite hostname="Timer" name="coursecollection01" tests="4" failures="1" timestamp="13 Jan 2017 09:43:22 GMT" time="1.18" errors="0">
  <testcase name="testCase" time="0.022" classname="com.mistong.interfacetest.testcases.coursecollection.coursecollection_001_getcollectionlist_test">
    <failure type="java.lang.AssertionError" message="expected [true] but found [false]">
      <![CDATA[java.lang.AssertionError: expected [true] but found [false]
	at com.mistong.interfacetest.util.UnirestUtil.InterfaceTest(UnirestUtil.java:66)
	at com.mistong.interfacetest.testcases.coursecollection.coursecollection_001_getcollectionlist_test.testCase(coursecollection_001_getcollectionlist_test.java:81)
... Removed 28 stack frames]]>
    </failure>
  </testcase> <!-- testCase -->
  <testcase name="testCase" time="0.034" classname="com.mistong.interfacetest.testcases.coursecollection.coursecollection_001_getcollectionlist_test"/>
  <testcase name="testCase" time="0.034" classname="com.mistong.interfacetest.testcases.coursecollection.coursecollection_001_getcollectionlist_test"/>
  <testcase name="testCase" time="0.19" classname="com.mistong.interfacetest.testcases.coursecollection.coursecollection_001_getcollectionlist_test"/>
</testsuite> <!-- coursecollection01 -->
