<?xml version="1.0" encoding="UTF-8"?>
<!-- Generated by org.testng.reporters.JUnitXMLReporter -->
<testsuite hostname="Timer" name="feedback" tests="3" failures="0" timestamp="13 Jan 2017 09:41:18 GMT" time="1.721" errors="0">
  <testcase name="testCase" time="0.128" classname="com.mistong.interfacetest.testcases.feedback.feedback_001_feedback_test"/>
  <testcase name="testCase" time="0.046" classname="com.mistong.interfacetest.testcases.feedback.feedback_001_feedback_test"/>
  <testcase name="testCase" time="0.016" classname="com.mistong.interfacetest.testcases.feedback.feedback_001_feedback_test"/>
</testsuite> <!-- feedback -->
