<?xml version="1.0" encoding="UTF-8"?>
<!-- Generated by org.testng.reporters.JUnitXMLReporter -->
<testsuite hostname="Timer" name="fm01" tests="8" failures="0" timestamp="16 Jan 2017 06:05:38 GMT" time="1.735" errors="0">
  <testcase name="testCase" time="0.392" classname="com.mistong.interfacetest.testcases.fm.fm_001_fmlist_test"/>
  <testcase name="testCase" time="0.019" classname="com.mistong.interfacetest.testcases.fm.fm_001_fmlist_test"/>
  <testcase name="testCase" time="0.101" classname="com.mistong.interfacetest.testcases.fm.fm_001_fmlist_test"/>
  <testcase name="testCase" time="0.072" classname="com.mistong.interfacetest.testcases.fm.fm_001_fmlist_test"/>
  <testcase name="testCase" time="0.108" classname="com.mistong.interfacetest.testcases.fm.fm_001_fmlist_test"/>
  <testcase name="testCase" time="0.024" classname="com.mistong.interfacetest.testcases.fm.fm_001_fmlist_test"/>
  <testcase name="testCase" time="0.053" classname="com.mistong.interfacetest.testcases.fm.fm_001_fmlist_test"/>
  <testcase name="testCase" time="0.059" classname="com.mistong.interfacetest.testcases.fm.fm_001_fmlist_test"/>
</testsuite> <!-- fm01 -->
