<?xml version="1.0" encoding="UTF-8"?>
<!-- Generated by org.testng.reporters.JUnitXMLReporter -->
<testsuite hostname="Timer" name="fm02" tests="9" failures="1" timestamp="13 Jan 2017 09:43:12 GMT" time="0.871" errors="0">
  <testcase name="testCase" time="0.013" classname="com.mistong.interfacetest.testcases.fm.fm_002_fmdetail_test"/>
  <testcase name="testCase" time="0.011" classname="com.mistong.interfacetest.testcases.fm.fm_002_fmdetail_test"/>
  <testcase name="testCase" time="0.018" classname="com.mistong.interfacetest.testcases.fm.fm_002_fmdetail_test">
    <failure type="java.lang.AssertionError" message="expected [true] but found [false]">
      <![CDATA[java.lang.AssertionError: expected [true] but found [false]
	at com.mistong.interfacetest.util.UnirestUtil.InterfaceTest(UnirestUtil.java:66)
	at com.mistong.interfacetest.testcases.fm.fm_002_fmdetail_test.testCase(fm_002_fmdetail_test.java:54)
... Removed 28 stack frames]]>
    </failure>
  </testcase> <!-- testCase -->
  <testcase name="testCase" time="0.076" classname="com.mistong.interfacetest.testcases.fm.fm_002_fmdetail_test"/>
  <testcase name="testCase" time="0.071" classname="com.mistong.interfacetest.testcases.fm.fm_002_fmdetail_test"/>
  <testcase name="testCase" time="0.07" classname="com.mistong.interfacetest.testcases.fm.fm_002_fmdetail_test"/>
  <testcase name="testCase" time="0.061" classname="com.mistong.interfacetest.testcases.fm.fm_002_fmdetail_test"/>
  <testcase name="testCase" time="0.072" classname="com.mistong.interfacetest.testcases.fm.fm_002_fmdetail_test"/>
  <testcase name="testCase" time="0.019" classname="com.mistong.interfacetest.testcases.fm.fm_002_fmdetail_test"/>
</testsuite> <!-- fm02 -->
