<?xml version="1.0" encoding="UTF-8"?>
<!-- Generated by org.testng.reporters.JUnitXMLReporter -->
<testsuite hostname="Timer" name="fm03" tests="8" failures="0" timestamp="13 Jan 2017 09:43:14 GMT" time="2.227" errors="0">
  <testcase name="testCase" time="0.012" classname="com.mistong.interfacetest.testcases.fm.fm_003_fmpostlist_test"/>
  <testcase name="testCase" time="0.017" classname="com.mistong.interfacetest.testcases.fm.fm_003_fmpostlist_test"/>
  <testcase name="testCase" time="0.011" classname="com.mistong.interfacetest.testcases.fm.fm_003_fmpostlist_test"/>
  <testcase name="testCase" time="0.248" classname="com.mistong.interfacetest.testcases.fm.fm_003_fmpostlist_test"/>
  <testcase name="testCase" time="0.424" classname="com.mistong.interfacetest.testcases.fm.fm_003_fmpostlist_test"/>
  <testcase name="testCase" time="0.041" classname="com.mistong.interfacetest.testcases.fm.fm_003_fmpostlist_test"/>
  <testcase name="testCase" time="0.455" classname="com.mistong.interfacetest.testcases.fm.fm_003_fmpostlist_test"/>
  <testcase name="testCase" time="0.428" classname="com.mistong.interfacetest.testcases.fm.fm_003_fmpostlist_test"/>
</testsuite> <!-- fm03 -->
