<?xml version="1.0" encoding="UTF-8"?>
<!-- Generated by org.testng.reporters.JUnitXMLReporter -->
<testsuite hostname="Timer" name="fm04" tests="5" failures="0" timestamp="13 Jan 2017 09:43:15 GMT" time="0.561" errors="0">
  <testcase name="testCase" time="0.011" classname="com.mistong.interfacetest.testcases.fm.fm_004_postdetail_test"/>
  <testcase name="testCase" time="0.017" classname="com.mistong.interfacetest.testcases.fm.fm_004_postdetail_test"/>
  <testcase name="testCase" time="0.01" classname="com.mistong.interfacetest.testcases.fm.fm_004_postdetail_test"/>
  <testcase name="testCase" time="0.065" classname="com.mistong.interfacetest.testcases.fm.fm_004_postdetail_test"/>
  <testcase name="testCase" time="0.06" classname="com.mistong.interfacetest.testcases.fm.fm_004_postdetail_test"/>
</testsuite> <!-- fm04 -->
