<?xml version="1.0" encoding="UTF-8"?>
<!-- Generated by org.testng.reporters.JUnitXMLReporter -->
<testsuite hostname="Timer" name="fm05" tests="6" failures="0" timestamp="13 Jan 2017 09:43:15 GMT" time="0.637" errors="0">
  <testcase name="testCase" time="0.012" classname="com.mistong.interfacetest.testcases.fm.fm_005_publishcomment_test"/>
  <testcase name="testCase" time="0.012" classname="com.mistong.interfacetest.testcases.fm.fm_005_publishcomment_test"/>
  <testcase name="testCase" time="0.01" classname="com.mistong.interfacetest.testcases.fm.fm_005_publishcomment_test"/>
  <testcase name="testCase" time="0.053" classname="com.mistong.interfacetest.testcases.fm.fm_005_publishcomment_test"/>
  <testcase name="testCase" time="0.081" classname="com.mistong.interfacetest.testcases.fm.fm_005_publishcomment_test"/>
  <testcase name="testCase" time="0.017" classname="com.mistong.interfacetest.testcases.fm.fm_005_publishcomment_test"/>
</testsuite> <!-- fm05 -->
