<?xml version="1.0" encoding="UTF-8"?>
<!-- Generated by org.testng.reporters.JUnitXMLReporter -->
<testsuite hostname="Timer" name="fm06" tests="6" failures="0" timestamp="13 Jan 2017 09:43:16 GMT" time="0.687" errors="0">
  <testcase name="testCase" time="0.011" classname="com.mistong.interfacetest.testcases.fm.fm_006_praisefm_test"/>
  <testcase name="testCase" time="0.01" classname="com.mistong.interfacetest.testcases.fm.fm_006_praisefm_test"/>
  <testcase name="testCase" time="0.01" classname="com.mistong.interfacetest.testcases.fm.fm_006_praisefm_test"/>
  <testcase name="testCase" time="0.073" classname="com.mistong.interfacetest.testcases.fm.fm_006_praisefm_test"/>
  <testcase name="testCase" time="0.062" classname="com.mistong.interfacetest.testcases.fm.fm_006_praisefm_test"/>
  <testcase name="testCase" time="0.037" classname="com.mistong.interfacetest.testcases.fm.fm_006_praisefm_test"/>
</testsuite> <!-- fm06 -->
