<?xml version="1.0" encoding="UTF-8"?>
<!-- Generated by org.testng.reporters.JUnitXMLReporter -->
<testsuite hostname="Timer" name="fm07" tests="10" failures="0" timestamp="13 Jan 2017 09:43:17 GMT" time="0.9" errors="0">
  <testcase name="testCase" time="0.012" classname="com.mistong.interfacetest.testcases.fm.fm_007_praisecomment_test"/>
  <testcase name="testCase" time="0.01" classname="com.mistong.interfacetest.testcases.fm.fm_007_praisecomment_test"/>
  <testcase name="testCase" time="0.009" classname="com.mistong.interfacetest.testcases.fm.fm_007_praisecomment_test"/>
  <testcase name="testCase" time="0.012" classname="com.mistong.interfacetest.testcases.fm.fm_007_praisecomment_test"/>
  <testcase name="testCase" time="0.01" classname="com.mistong.interfacetest.testcases.fm.fm_007_praisecomment_test"/>
  <testcase name="testCase" time="0.01" classname="com.mistong.interfacetest.testcases.fm.fm_007_praisecomment_test"/>
  <testcase name="testCase" time="0.01" classname="com.mistong.interfacetest.testcases.fm.fm_007_praisecomment_test"/>
  <testcase name="testCase" time="0.124" classname="com.mistong.interfacetest.testcases.fm.fm_007_praisecomment_test"/>
  <testcase name="testCase" time="0.112" classname="com.mistong.interfacetest.testcases.fm.fm_007_praisecomment_test"/>
  <testcase name="testCase" time="0.065" classname="com.mistong.interfacetest.testcases.fm.fm_007_praisecomment_test"/>
</testsuite> <!-- fm07 -->
