<?xml version="1.0" encoding="UTF-8"?>
<!-- Generated by org.testng.reporters.JUnitXMLReporter -->
<testsuite hostname="Timer" name="fm08" tests="7" failures="0" timestamp="13 Jan 2017 09:43:17 GMT" time="0.376" errors="0">
  <testcase name="testCase" time="0.01" classname="com.mistong.interfacetest.testcases.fm.fm_008_recordhitnum_test"/>
  <testcase name="testCase" time="0.039" classname="com.mistong.interfacetest.testcases.fm.fm_008_recordhitnum_test"/>
  <testcase name="testCase" time="0.053" classname="com.mistong.interfacetest.testcases.fm.fm_008_recordhitnum_test"/>
  <testcase name="testCase" time="0.051" classname="com.mistong.interfacetest.testcases.fm.fm_008_recordhitnum_test"/>
  <testcase name="testCase" time="0.039" classname="com.mistong.interfacetest.testcases.fm.fm_008_recordhitnum_test"/>
  <testcase name="testCase" time="0.045" classname="com.mistong.interfacetest.testcases.fm.fm_008_recordhitnum_test"/>
  <testcase name="testCase" time="0.019" classname="com.mistong.interfacetest.testcases.fm.fm_008_recordhitnum_test"/>
</testsuite> <!-- fm08 -->
