<?xml version="1.0" encoding="UTF-8"?>
<!-- Generated by org.testng.reporters.JUnitXMLReporter -->
<testsuite hostname="Timer" name="forgetpassword03" tests="2" failures="0" timestamp="13 Jan 2017 09:40:13 GMT" time="12.634" errors="0">
  <testcase name="registerSuccessFunction" time="6.332" classname="com.mistong.interfacetest.testcases.reglogin.forgetpassword_003_changepassword_test"/>
  <testcase name="registerSuccessFunction" time="6.179" classname="com.mistong.interfacetest.testcases.reglogin.forgetpassword_003_changepassword_test"/>
</testsuite> <!-- forgetpassword03 -->
