<?xml version="1.0" encoding="UTF-8"?>
<!-- Generated by org.testng.reporters.JUnitXMLReporter -->
<testsuite hostname="Timer" name="forgetpassword01" tests="4" failures="2" timestamp="13 Jan 2017 09:38:00 GMT" time="0.433" errors="0">
  <testcase name="registerSuccessFunction" time="0.02" classname="com.mistong.interfacetest.testcases.reglogin.forgetpassword_001_verificationCode_test"/>
  <testcase name="registerSuccessFunction" time="0.124" classname="com.mistong.interfacetest.testcases.reglogin.forgetpassword_001_verificationCode_test">
    <failure type="java.lang.AssertionError" message="expected [true] but found [false]">
      <![CDATA[java.lang.AssertionError: expected [true] but found [false]
	at com.mistong.interfacetest.util.UnirestUtil.InterfaceTest(UnirestUtil.java:66)
	at com.mistong.interfacetest.testcases.reglogin.forgetpassword_001_verificationCode_test.registerSuccessFunction(forgetpassword_001_verificationCode_test.java:48)
... Removed 28 stack frames]]>
    </failure>
  </testcase> <!-- registerSuccessFunction -->
  <testcase name="registerSuccessFunction" time="0.117" classname="com.mistong.interfacetest.testcases.reglogin.forgetpassword_001_verificationCode_test">
    <failure type="java.lang.AssertionError" message="expected [true] but found [false]">
      <![CDATA[java.lang.AssertionError: expected [true] but found [false]
	at com.mistong.interfacetest.util.UnirestUtil.InterfaceTest(UnirestUtil.java:66)
	at com.mistong.interfacetest.testcases.reglogin.forgetpassword_001_verificationCode_test.registerSuccessFunction(forgetpassword_001_verificationCode_test.java:48)
... Removed 28 stack frames]]>
    </failure>
  </testcase> <!-- registerSuccessFunction -->
  <testcase name="registerSuccessFunction" time="0.013" classname="com.mistong.interfacetest.testcases.reglogin.forgetpassword_001_verificationCode_test"/>
</testsuite> <!-- forgetpassword01 -->
