<?xml version="1.0" encoding="UTF-8"?>
<!-- Generated by org.testng.reporters.JUnitXMLReporter -->
<testsuite hostname="Timer" name="forgetpassword02" tests="3" failures="0" timestamp="13 Jan 2017 09:40:00 GMT" time="120.643" errors="0">
  <testcase name="registerSuccessFunction" time="0.197" classname="com.mistong.interfacetest.testcases.reglogin.forgetpassword_002_checkvalidation_test"/>
  <testcase name="registerSuccessFunction" time="0.16" classname="com.mistong.interfacetest.testcases.reglogin.forgetpassword_002_checkvalidation_test"/>
  <testcase name="registerSuccessFunction" time="120.16" classname="com.mistong.interfacetest.testcases.reglogin.forgetpassword_002_checkvalidation_test"/>
</testsuite> <!-- forgetpassword02 -->
