<?xml version="1.0" encoding="UTF-8"?>
<!-- Generated by org.testng.reporters.JUnitXMLReporter -->
<testsuite hostname="Timer" name="generalize06" tests="4" failures="0" timestamp="13 Jan 2017 09:41:17 GMT" time="0.183" errors="0">
  <testcase name="testCase" time="0.054" classname="com.mistong.interfacetest.testcases.generalize.generalize_006_substationBySet_test"/>
  <testcase name="testCase" time="0.011" classname="com.mistong.interfacetest.testcases.generalize.generalize_006_substationBySet_test"/>
  <testcase name="testCase" time="0.045" classname="com.mistong.interfacetest.testcases.generalize.generalize_006_substationBySet_test"/>
  <testcase name="testCase" time="0.018" classname="com.mistong.interfacetest.testcases.generalize.generalize_006_substationBySet_test"/>
</testsuite> <!-- generalize06 -->
