<?xml version="1.0" encoding="UTF-8"?>
<!-- Generated by org.testng.reporters.JUnitXMLReporter -->
<testsuite hostname="Timer" name="generalize03" tests="4" failures="0" timestamp="13 Jan 2017 09:41:07 GMT" time="0.315" errors="0">
  <testcase name="testCase" time="0.013" classname="com.mistong.interfacetest.testcases.generalize.generalize_003_appbannerlist_test"/>
  <testcase name="testCase" time="0.085" classname="com.mistong.interfacetest.testcases.generalize.generalize_003_appbannerlist_test"/>
  <testcase name="testCase" time="0.055" classname="com.mistong.interfacetest.testcases.generalize.generalize_003_appbannerlist_test"/>
  <testcase name="testCase" time="0.033" classname="com.mistong.interfacetest.testcases.generalize.generalize_003_appbannerlist_test"/>
</testsuite> <!-- generalize03 -->
