<?xml version="1.0" encoding="UTF-8"?>
<!-- Generated by org.testng.reporters.JUnitXMLReporter -->
<testsuite hostname="Timer" name="live04" tests="2" failures="1" timestamp="13 Jan 2017 09:43:30 GMT" time="0.433" errors="0">
  <testcase name="testcase" time="0.215" classname="com.mistong.interfacetest.testcases.live.live_004_liveList_test">
    <failure type="java.lang.AssertionError" message="expected [true] but found [false]">
      <![CDATA[java.lang.AssertionError: expected [true] but found [false]
	at com.mistong.interfacetest.util.UnirestUtil.InterfaceTest(UnirestUtil.java:66)
	at com.mistong.interfacetest.testcases.live.live_004_liveList_test.testcase(live_004_liveList_test.java:39)
... Removed 28 stack frames]]>
    </failure>
  </testcase> <!-- testcase -->
  <testcase name="testcase" time="0.147" classname="com.mistong.interfacetest.testcases.live.live_004_liveList_test"/>
</testsuite> <!-- live04 -->
