<?xml version="1.0" encoding="UTF-8"?>
<!-- Generated by org.testng.reporters.JUnitXMLReporter -->
<testsuite hostname="Timer" name="login" tests="3" failures="0" timestamp="13 Jan 2017 09:37:55 GMT" time="0.652" errors="0">
  <testcase name="registerSuccessFunction" time="0.022" classname="com.mistong.interfacetest.testcases.reglogin.login_001_pass_test"/>
  <testcase name="registerSuccessFunction" time="0.017" classname="com.mistong.interfacetest.testcases.reglogin.login_001_pass_test"/>
  <testcase name="registerSuccessFunction" time="0.504" classname="com.mistong.interfacetest.testcases.reglogin.login_001_pass_test"/>
</testsuite> <!-- login -->
