<?xml version="1.0" encoding="UTF-8"?>
<!-- Generated by org.testng.reporters.JUnitXMLReporter -->
<testsuite hostname="Timer" name="mycourse07" tests="3" failures="0" timestamp="13 Jan 2017 09:43:56 GMT" time="2.217" errors="0">
  <testcase name="testCase" time="0.647" classname="com.mistong.interfacetest.testcases.mycourse.mycourse_007_setTermWithOther_test"/>
  <testcase name="testCase" time="0.665" classname="com.mistong.interfacetest.testcases.mycourse.mycourse_007_setTermWithOther_test"/>
  <testcase name="testCase" time="0.607" classname="com.mistong.interfacetest.testcases.mycourse.mycourse_007_setTermWithOther_test"/>
</testsuite> <!-- mycourse07 -->
