<?xml version="1.0" encoding="UTF-8"?>
<!-- Generated by org.testng.reporters.JUnitXMLReporter -->
<testsuite hostname="Timer" name="mycourse09" tests="6" failures="0" timestamp="13 Jan 2017 10:29:02 GMT" time="5.855" errors="0">
  <testcase name="testCase" time="1.622" classname="com.mistong.interfacetest.testcases.mycourse.mycourse_010_getliveInfoList_test"/>
  <testcase name="testCase" time="0.792" classname="com.mistong.interfacetest.testcases.mycourse.mycourse_010_getliveInfoList_test"/>
  <testcase name="testCase" time="0.801" classname="com.mistong.interfacetest.testcases.mycourse.mycourse_010_getliveInfoList_test"/>
  <testcase name="testCase" time="0.816" classname="com.mistong.interfacetest.testcases.mycourse.mycourse_010_getliveInfoList_test"/>
  <testcase name="testCase" time="0.794" classname="com.mistong.interfacetest.testcases.mycourse.mycourse_010_getliveInfoList_test"/>
  <testcase name="testCase" time="0.781" classname="com.mistong.interfacetest.testcases.mycourse.mycourse_010_getliveInfoList_test"/>
</testsuite> <!-- mycourse09 -->
