<?xml version="1.0" encoding="UTF-8"?>
<!-- Generated by org.testng.reporters.JUnitXMLReporter -->
<testsuite hostname="Timer" name="mycourse06" tests="3" failures="1" timestamp="13 Jan 2017 09:43:53 GMT" time="2.973" errors="0">
  <testcase name="testCase" time="0.687" classname="com.mistong.interfacetest.testcases.mycourse.mycourse_006_setTerm_test"/>
  <testcase name="testCase" time="1.059" classname="com.mistong.interfacetest.testcases.mycourse.mycourse_006_setTerm_test"/>
  <testcase name="testCase" time="0.822" classname="com.mistong.interfacetest.testcases.mycourse.mycourse_006_setTerm_test">
    <failure type="java.lang.AssertionError" message="expected [true] but found [false]">
      <![CDATA[java.lang.AssertionError: expected [true] but found [false]
	at com.mistong.interfacetest.util.UnirestUtil.InterfaceTest(UnirestUtil.java:66)
	at com.mistong.interfacetest.testcases.mycourse.mycourse_006_setTerm_test.testCase(mycourse_006_setTerm_test.java:63)
... Removed 28 stack frames]]>
    </failure>
  </testcase> <!-- testCase -->
</testsuite> <!-- mycourse06 -->
