<?xml version="1.0" encoding="UTF-8"?>
<!-- Generated by org.testng.reporters.JUnitXMLReporter -->
<testsuite hostname="Timer" name="mycourse05" tests="2" failures="0" timestamp="13 Jan 2017 09:43:50 GMT" time="3.944" errors="0">
  <testcase name="testCase" time="2.659" classname="com.mistong.interfacetest.testcases.mycourse.mycourse_005_getcatalogBackList_test"/>
  <testcase name="testCase" time="0.987" classname="com.mistong.interfacetest.testcases.mycourse.mycourse_005_getcatalogBackList_test"/>
</testsuite> <!-- mycourse05 -->
