<?xml version="1.0" encoding="UTF-8"?>
<!-- Generated by org.testng.reporters.JUnitXMLReporter -->
<testsuite hostname="Timer" name="mycourse03" tests="4" failures="2" timestamp="17 Jan 2017 03:10:34 GMT" time="3.889" errors="0">
  <testcase name="testCase" time="1.145" classname="com.mistong.interfacetest.testcases.mycourse.mycourse_003_getCurrentList_test"/>
  <testcase name="testCase" time="0.685" classname="com.mistong.interfacetest.testcases.mycourse.mycourse_003_getCurrentList_test"/>
  <testcase name="testCase" time="0.625" classname="com.mistong.interfacetest.testcases.mycourse.mycourse_003_getCurrentList_test">
    <failure type="java.lang.AssertionError" message="expected [true] but found [false]">
      <![CDATA[java.lang.AssertionError: expected [true] but found [false]
	at com.mistong.interfacetest.util.UnirestUtil.InterfaceTest(UnirestUtil.java:66)
	at com.mistong.interfacetest.testcases.mycourse.mycourse_003_getCurrentList_test.testCase(mycourse_003_getCurrentList_test.java:60)
... Removed 28 stack frames]]>
    </failure>
  </testcase> <!-- testCase -->
  <testcase name="testCase" time="0.61" classname="com.mistong.interfacetest.testcases.mycourse.mycourse_003_getCurrentList_test">
    <failure type="java.lang.AssertionError" message="expected [true] but found [false]">
      <![CDATA[java.lang.AssertionError: expected [true] but found [false]
	at com.mistong.interfacetest.util.UnirestUtil.InterfaceTest(UnirestUtil.java:66)
	at com.mistong.interfacetest.testcases.mycourse.mycourse_003_getCurrentList_test.testCase(mycourse_003_getCurrentList_test.java:60)
... Removed 28 stack frames]]>
    </failure>
  </testcase> <!-- testCase -->
</testsuite> <!-- mycourse03 -->
