<?xml version="1.0" encoding="UTF-8"?>
<!-- Generated by org.testng.reporters.JUnitXMLReporter -->
<testsuite hostname="Timer" name="packagedata02" tests="6" failures="0" timestamp="13 Jan 2017 09:37:59 GMT" time="0.682" errors="0">
  <testcase name="registerSuccessFunction" time="0.099" classname="com.mistong.interfacetest.testcases.reglogin.packagedata_002_pass_test"/>
  <testcase name="registerSuccessFunction" time="0.09" classname="com.mistong.interfacetest.testcases.reglogin.packagedata_002_pass_test"/>
  <testcase name="registerSuccessFunction" time="0.1" classname="com.mistong.interfacetest.testcases.reglogin.packagedata_002_pass_test"/>
  <testcase name="registerSuccessFunction" time="0.093" classname="com.mistong.interfacetest.testcases.reglogin.packagedata_002_pass_test"/>
  <testcase name="registerSuccessFunction" time="0.088" classname="com.mistong.interfacetest.testcases.reglogin.packagedata_002_pass_test"/>
  <testcase name="registerSuccessFunction" time="0.111" classname="com.mistong.interfacetest.testcases.reglogin.packagedata_002_pass_test"/>
</testsuite> <!-- packagedata02 -->
