<?xml version="1.0" encoding="UTF-8"?>
<!-- Generated by org.testng.reporters.JUnitXMLReporter -->
<testsuite hostname="Timer" name="packagedata01" tests="6" failures="0" timestamp="13 Jan 2017 09:37:58 GMT" time="0.874" errors="0">
  <testcase name="registerSuccessFunction" time="0.125" classname="com.mistong.interfacetest.testcases.reglogin.packagedata_001_pass_test"/>
  <testcase name="registerSuccessFunction" time="0.125" classname="com.mistong.interfacetest.testcases.reglogin.packagedata_001_pass_test"/>
  <testcase name="registerSuccessFunction" time="0.126" classname="com.mistong.interfacetest.testcases.reglogin.packagedata_001_pass_test"/>
  <testcase name="registerSuccessFunction" time="0.139" classname="com.mistong.interfacetest.testcases.reglogin.packagedata_001_pass_test"/>
  <testcase name="registerSuccessFunction" time="0.124" classname="com.mistong.interfacetest.testcases.reglogin.packagedata_001_pass_test"/>
  <testcase name="registerSuccessFunction" time="0.135" classname="com.mistong.interfacetest.testcases.reglogin.packagedata_001_pass_test"/>
</testsuite> <!-- packagedata01 -->
