<?xml version="1.0" encoding="UTF-8"?>
<!-- Generated by org.testng.reporters.JUnitXMLReporter -->
<testsuite hostname="Timer" name="payment04" tests="3" failures="0" timestamp="13 Jan 2017 09:42:13 GMT" time="8.109" errors="0">
  <testcase name="testCase" time="0.261" classname="com.mistong.interfacetest.testcases.payment.payment_004_ordercancel_test"/>
  <testcase name="testCase" time="2.004" classname="com.mistong.interfacetest.testcases.payment.payment_004_ordercancel_test"/>
  <testcase name="testCase" time="0.024" classname="com.mistong.interfacetest.testcases.payment.payment_004_ordercancel_test"/>
</testsuite> <!-- payment04 -->
