<?xml version="1.0" encoding="UTF-8"?>
<!-- Generated by org.testng.reporters.JUnitXMLReporter -->
<testsuite hostname="Timer" name="payment09" tests="3" failures="0" timestamp="13 Jan 2017 09:42:41 GMT" time="2.495" errors="0">
  <testcase name="testCase" time="0.912" classname="com.mistong.interfacetest.testcases.payment.payment_009_chargepassword_test"/>
  <testcase name="testCase" time="0.562" classname="com.mistong.interfacetest.testcases.payment.payment_009_chargepassword_test"/>
  <testcase name="testCase" time="0.562" classname="com.mistong.interfacetest.testcases.payment.payment_009_chargepassword_test"/>
</testsuite> <!-- payment09 -->
