<?xml version="1.0" encoding="UTF-8"?>
<!-- Generated by org.testng.reporters.JUnitXMLReporter -->
<testsuite hostname="Timer" name="payment05" tests="6" failures="2" timestamp="13 Jan 2017 09:42:23 GMT" time="10.642" errors="0">
  <testcase name="testCase" time="0.02" classname="com.mistong.interfacetest.testcases.payment.payment_005_orderpayment_test"/>
  <testcase name="testCase" time="0.365" classname="com.mistong.interfacetest.testcases.payment.payment_005_orderpayment_test">
    <failure type="net.sf.json.JSONException" message="JSONObject[&amp;quot;data&amp;quot;] not found.">
      <![CDATA[net.sf.json.JSONException: JSONObject["data"] not found.
	at net.sf.json.JSONObject.getString(JSONObject.java:2092)
	at com.mistong.interfacetest.util.UnirestUtil.GetJsonValue(UnirestUtil.java:168)
	at com.mistong.interfacetest.testcases.payment.payment_005_orderpayment_test.testCase(payment_005_orderpayment_test.java:139)
... Removed 24 stack frames]]>
    </failure>
  </testcase> <!-- testCase -->
  <testcase name="testCase" time="0.488" classname="com.mistong.interfacetest.testcases.payment.payment_005_orderpayment_test"/>
  <testcase name="testCase" time="2.633" classname="com.mistong.interfacetest.testcases.payment.payment_005_orderpayment_test">
    <failure type="java.lang.StringIndexOutOfBoundsException" message="String index out of range: -1">
      <![CDATA[java.lang.StringIndexOutOfBoundsException: String index out of range: -1
	at java.lang.String.substring(String.java:1967)
	at com.mistong.interfacetest.util.UnirestUtil.substr(UnirestUtil.java:142)
	at com.mistong.interfacetest.testcases.payment.payment_005_orderpayment_test.testCase(payment_005_orderpayment_test.java:208)
... Removed 24 stack frames]]>
    </failure>
  </testcase> <!-- testCase -->
  <testcase name="testCase" time="0.623" classname="com.mistong.interfacetest.testcases.payment.payment_005_orderpayment_test"/>
  <testcase name="testCase" time="0.024" classname="com.mistong.interfacetest.testcases.payment.payment_005_orderpayment_test"/>
</testsuite> <!-- payment05 -->
