<?xml version="1.0" encoding="UTF-8"?>
<!-- Generated by org.testng.reporters.JUnitXMLReporter -->
<testsuite hostname="Timer" name="payment08" tests="3" failures="0" timestamp="13 Jan 2017 09:42:38 GMT" time="0.846" errors="0">
  <testcase name="testCase" time="0.02" classname="com.mistong.interfacetest.testcases.payment.payment_008_balancedetaillist_test"/>
  <testcase name="testCase" time="0.019" classname="com.mistong.interfacetest.testcases.payment.payment_008_balancedetaillist_test"/>
  <testcase name="testCase" time="0.019" classname="com.mistong.interfacetest.testcases.payment.payment_008_balancedetaillist_test"/>
</testsuite> <!-- payment08 -->
