<?xml version="1.0" encoding="UTF-8"?>
<!-- Generated by org.testng.reporters.JUnitXMLReporter -->
<testsuite hostname="Timer" name="payment01" tests="5" failures="0" timestamp="13 Jan 2017 09:41:36 GMT" time="17.44" errors="0">
  <testcase name="testCase" time="0.64" classname="com.mistong.interfacetest.testcases.payment.payment_001_ordergenerate_test"/>
  <testcase name="testCase" time="0.018" classname="com.mistong.interfacetest.testcases.payment.payment_001_ordergenerate_test"/>
  <testcase name="testCase" time="0.067" classname="com.mistong.interfacetest.testcases.payment.payment_001_ordergenerate_test"/>
  <testcase name="testCase" time="0.055" classname="com.mistong.interfacetest.testcases.payment.payment_001_ordergenerate_test"/>
  <testcase name="testCase" time="0.05" classname="com.mistong.interfacetest.testcases.payment.payment_001_ordergenerate_test"/>
</testsuite> <!-- payment01 -->
