<?xml version="1.0" encoding="UTF-8"?>
<!-- Generated by org.testng.reporters.JUnitXMLReporter -->
<testsuite hostname="Timer" name="payment03" tests="3" failures="0" timestamp="13 Jan 2017 09:42:05 GMT" time="8.845" errors="0">
  <testcase name="testCase" time="0.251" classname="com.mistong.interfacetest.testcases.payment.payment_003_orderdetail_test"/>
  <testcase name="testCase" time="2.66" classname="com.mistong.interfacetest.testcases.payment.payment_003_orderdetail_test"/>
  <testcase name="testCase" time="0.019" classname="com.mistong.interfacetest.testcases.payment.payment_003_orderdetail_test"/>
</testsuite> <!-- payment03 -->
