<?xml version="1.0" encoding="UTF-8"?>
<!-- Generated by org.testng.reporters.JUnitXMLReporter -->
<testsuite hostname="Timer" name="payment02" tests="4" failures="0" timestamp="13 Jan 2017 09:41:56 GMT" time="19.978" errors="0">
  <testcase name="testCase" time="0.064" classname="com.mistong.interfacetest.testcases.payment.payment_002_orderlist_test"/>
  <testcase name="testCase" time="0.625" classname="com.mistong.interfacetest.testcases.payment.payment_002_orderlist_test"/>
  <testcase name="testCase" time="0.029" classname="com.mistong.interfacetest.testcases.payment.payment_002_orderlist_test"/>
  <testcase name="testCase" time="5.317" classname="com.mistong.interfacetest.testcases.payment.payment_002_orderlist_test"/>
</testsuite> <!-- payment02 -->
