<?xml version="1.0" encoding="UTF-8"?>
<!-- Generated by org.testng.reporters.JUnitXMLReporter -->
<testsuite hostname="Timer" name="payment06" tests="2" failures="1" timestamp="13 Jan 2017 09:42:37 GMT" time="13.239" errors="0">
  <testcase name="testCase" time="3.644" classname="com.mistong.interfacetest.testcases.payment.payment_006_paymentresult_test"/>
  <testcase name="testCase" time="2.661" classname="com.mistong.interfacetest.testcases.payment.payment_006_paymentresult_test">
    <failure type="java.lang.AssertionError" message="expected [true] but found [false]">
      <![CDATA[java.lang.AssertionError: expected [true] but found [false]
	at com.mistong.interfacetest.util.UnirestUtil.InterfaceTest(UnirestUtil.java:66)
	at com.mistong.interfacetest.testcases.payment.payment_006_paymentresult_test.testCase(payment_006_paymentresult_test.java:159)
... Removed 28 stack frames]]>
    </failure>
  </testcase> <!-- testCase -->
</testsuite> <!-- payment06 -->
