<?xml version="1.0" encoding="UTF-8"?>
<!-- Generated by org.testng.reporters.JUnitXMLReporter -->
<testsuite hostname="Timer" name="personalcenter07" tests="3" failures="0" timestamp="13 Jan 2017 09:40:38 GMT" time="7.954" errors="0">
  <testcase name="testCase" time="0.029" classname="com.mistong.interfacetest.testcases.personalcenter.personalcenter_007_ranking_test"/>
  <testcase name="testCase" time="6.226" classname="com.mistong.interfacetest.testcases.personalcenter.personalcenter_007_ranking_test"/>
  <testcase name="testCase" time="1.363" classname="com.mistong.interfacetest.testcases.personalcenter.personalcenter_007_ranking_test"/>
</testsuite> <!-- personalcenter07 -->
