<?xml version="1.0" encoding="UTF-8"?>
<!-- Generated by org.testng.reporters.JUnitXMLReporter -->
<testsuite hostname="Timer" name="personalcenter05" tests="6" failures="0" timestamp="13 Jan 2017 09:40:30 GMT" time="1.141" errors="0">
  <testcase name="testCase" time="0.144" classname="com.mistong.interfacetest.testcases.personalcenter.personalcenter_005_mycourse_test"/>
  <testcase name="testCase" time="0.173" classname="com.mistong.interfacetest.testcases.personalcenter.personalcenter_005_mycourse_test"/>
  <testcase name="testCase" time="0.163" classname="com.mistong.interfacetest.testcases.personalcenter.personalcenter_005_mycourse_test"/>
  <testcase name="testCase" time="0.111" classname="com.mistong.interfacetest.testcases.personalcenter.personalcenter_005_mycourse_test"/>
  <testcase name="testCase" time="0.1" classname="com.mistong.interfacetest.testcases.personalcenter.personalcenter_005_mycourse_test"/>
  <testcase name="testCase" time="0.056" classname="com.mistong.interfacetest.testcases.personalcenter.personalcenter_005_mycourse_test"/>
</testsuite> <!-- personalcenter05 -->
