<?xml version="1.0" encoding="UTF-8"?>
<!-- Generated by org.testng.reporters.JUnitXMLReporter -->
<testsuite hostname="Timer" name="personalcenter13" tests="4" failures="0" timestamp="13 Jan 2017 09:40:44 GMT" time="0.678" errors="0">
  <testcase name="testCase" time="0.034" classname="com.mistong.interfacetest.testcases.personalcenter.personalcenter_013_publish_test"/>
  <testcase name="testCase" time="0.015" classname="com.mistong.interfacetest.testcases.personalcenter.personalcenter_013_publish_test"/>
  <testcase name="testCase" time="0.034" classname="com.mistong.interfacetest.testcases.personalcenter.personalcenter_013_publish_test"/>
  <testcase name="testCase" time="0.015" classname="com.mistong.interfacetest.testcases.personalcenter.personalcenter_013_publish_test"/>
</testsuite> <!-- personalcenter13 -->
