<?xml version="1.0" encoding="UTF-8"?>
<!-- Generated by org.testng.reporters.JUnitXMLReporter -->
<testsuite hostname="Timer" name="personalcenter19" tests="3" failures="0" timestamp="13 Jan 2017 09:41:01 GMT" time="6.576" errors="0">
  <testcase name="testCase" time="5.093" classname="com.mistong.interfacetest.testcases.personalcenter.personalcenter_019_getPlayrecord_test"/>
  <testcase name="testCase" time="0.012" classname="com.mistong.interfacetest.testcases.personalcenter.personalcenter_019_getPlayrecord_test"/>
  <testcase name="testCase" time="0.053" classname="com.mistong.interfacetest.testcases.personalcenter.personalcenter_019_getPlayrecord_test"/>
</testsuite> <!-- personalcenter19 -->
