<?xml version="1.0" encoding="UTF-8"?>
<!-- Generated by org.testng.reporters.JUnitXMLReporter -->
<testsuite hostname="Timer" name="personalcenter04" tests="5" failures="0" timestamp="13 Jan 2017 09:40:29 GMT" time="1.329" errors="0">
  <testcase name="testCase" time="0.282" classname="com.mistong.interfacetest.testcases.personalcenter.personalcenter_004_cardlist_test"/>
  <testcase name="testCase" time="0.136" classname="com.mistong.interfacetest.testcases.personalcenter.personalcenter_004_cardlist_test"/>
  <testcase name="testCase" time="0.129" classname="com.mistong.interfacetest.testcases.personalcenter.personalcenter_004_cardlist_test"/>
  <testcase name="testCase" time="0.097" classname="com.mistong.interfacetest.testcases.personalcenter.personalcenter_004_cardlist_test"/>
  <testcase name="testCase" time="0.079" classname="com.mistong.interfacetest.testcases.personalcenter.personalcenter_004_cardlist_test"/>
</testsuite> <!-- personalcenter04 -->
