<?xml version="1.0" encoding="UTF-8"?>
<!-- Generated by org.testng.reporters.JUnitXMLReporter -->
<testsuite hostname="Timer" name="personalcenter17" tests="4" failures="0" timestamp="13 Jan 2017 09:40:47 GMT" time="2.373" errors="0">
  <testcase name="testCase" time="0.015" classname="com.mistong.interfacetest.testcases.personalcenter.personalcenter_017_modityformemclass_test"/>
  <testcase name="testCase" time="0.019" classname="com.mistong.interfacetest.testcases.personalcenter.personalcenter_017_modityformemclass_test"/>
  <testcase name="testCase" time="0.985" classname="com.mistong.interfacetest.testcases.personalcenter.personalcenter_017_modityformemclass_test"/>
  <testcase name="testCase" time="0.9" classname="com.mistong.interfacetest.testcases.personalcenter.personalcenter_017_modityformemclass_test"/>
</testsuite> <!-- personalcenter17 -->
