<?xml version="1.0" encoding="UTF-8"?>
<!-- Generated by org.testng.reporters.JUnitXMLReporter -->
<testsuite hostname="Timer" name="personalcenter20" tests="3" failures="0" timestamp="13 Jan 2017 09:41:03 GMT" time="1.669" errors="0">
  <testcase name="testCase" time="0.012" classname="com.mistong.interfacetest.testcases.personalcenter.personalcenter_020_getmypoint_test"/>
  <testcase name="testCase" time="0.018" classname="com.mistong.interfacetest.testcases.personalcenter.personalcenter_020_getmypoint_test"/>
  <testcase name="testCase" time="0.015" classname="com.mistong.interfacetest.testcases.personalcenter.personalcenter_020_getmypoint_test"/>
</testsuite> <!-- personalcenter20 -->
