<?xml version="1.0" encoding="UTF-8"?>
<!-- Generated by org.testng.reporters.JUnitXMLReporter -->
<testsuite hostname="Timer" name="personalcenter06" tests="2" failures="0" timestamp="13 Jan 2017 09:40:30 GMT" time="0.405" errors="0">
  <testcase name="testCase" time="0.065" classname="com.mistong.interfacetest.testcases.personalcenter.personalcenter_006_learningtime_test"/>
  <testcase name="testCase" time="0.023" classname="com.mistong.interfacetest.testcases.personalcenter.personalcenter_006_learningtime_test"/>
</testsuite> <!-- personalcenter06 -->
