<?xml version="1.0" encoding="UTF-8"?>
<!-- Generated by org.testng.reporters.JUnitXMLReporter -->
<testsuite hostname="Timer" name="personalcenter09" tests="4" failures="0" timestamp="13 Jan 2017 09:40:40 GMT" time="2.02" errors="0">
  <testcase name="testCase" time="0.018" classname="com.mistong.interfacetest.testcases.personalcenter.personalcenter_009_studentsdynamic_test"/>
  <testcase name="testCase" time="0.58" classname="com.mistong.interfacetest.testcases.personalcenter.personalcenter_009_studentsdynamic_test"/>
  <testcase name="testCase" time="0.184" classname="com.mistong.interfacetest.testcases.personalcenter.personalcenter_009_studentsdynamic_test"/>
  <testcase name="testCase" time="0.17" classname="com.mistong.interfacetest.testcases.personalcenter.personalcenter_009_studentsdynamic_test"/>
</testsuite> <!-- personalcenter09 -->
