<?xml version="1.0" encoding="UTF-8"?>
<!-- Generated by org.testng.reporters.JUnitXMLReporter -->
<testsuite hostname="Timer" name="personalcenter18" tests="8" failures="0" timestamp="13 Jan 2017 09:40:55 GMT" time="7.502" errors="0">
  <testcase name="testCase" time="0.085" classname="com.mistong.interfacetest.testcases.personalcenter.personalcenter_018_getcommodityviewnew_test"/>
  <testcase name="testCase" time="0.431" classname="com.mistong.interfacetest.testcases.personalcenter.personalcenter_018_getcommodityviewnew_test"/>
  <testcase name="testCase" time="0.755" classname="com.mistong.interfacetest.testcases.personalcenter.personalcenter_018_getcommodityviewnew_test"/>
  <testcase name="testCase" time="0.929" classname="com.mistong.interfacetest.testcases.personalcenter.personalcenter_018_getcommodityviewnew_test"/>
  <testcase name="testCase" time="0.877" classname="com.mistong.interfacetest.testcases.personalcenter.personalcenter_018_getcommodityviewnew_test"/>
  <testcase name="testCase" time="0.867" classname="com.mistong.interfacetest.testcases.personalcenter.personalcenter_018_getcommodityviewnew_test"/>
  <testcase name="testCase" time="1.206" classname="com.mistong.interfacetest.testcases.personalcenter.personalcenter_018_getcommodityviewnew_test"/>
  <testcase name="testCase" time="0.384" classname="com.mistong.interfacetest.testcases.personalcenter.personalcenter_018_getcommodityviewnew_test"/>
</testsuite> <!-- personalcenter18 -->
