<?xml version="1.0" encoding="UTF-8"?>
<!-- Generated by org.testng.reporters.JUnitXMLReporter -->
<testsuite hostname="Timer" name="personalcenter12" tests="4" failures="0" timestamp="13 Jan 2017 09:40:43 GMT" time="1.206" errors="0">
  <testcase name="testCase" time="0.072" classname="com.mistong.interfacetest.testcases.personalcenter.personalcenter_012_talkcomment_test"/>
  <testcase name="testCase" time="0.062" classname="com.mistong.interfacetest.testcases.personalcenter.personalcenter_012_talkcomment_test"/>
  <testcase name="testCase" time="0.079" classname="com.mistong.interfacetest.testcases.personalcenter.personalcenter_012_talkcomment_test"/>
  <testcase name="testCase" time="0.012" classname="com.mistong.interfacetest.testcases.personalcenter.personalcenter_012_talkcomment_test"/>
</testsuite> <!-- personalcenter12 -->
