<?xml version="1.0" encoding="UTF-8"?>
<!-- Generated by org.testng.reporters.JUnitXMLReporter -->
<testsuite hostname="Timer" name="personalcenter11" tests="4" failures="0" timestamp="13 Jan 2017 09:40:42 GMT" time="0.884" errors="0">
  <testcase name="testCase" time="0.091" classname="com.mistong.interfacetest.testcases.personalcenter.personalcenter_011_thumbup_test"/>
  <testcase name="testCase" time="0.022" classname="com.mistong.interfacetest.testcases.personalcenter.personalcenter_011_thumbup_test"/>
  <testcase name="testCase" time="0.218" classname="com.mistong.interfacetest.testcases.personalcenter.personalcenter_011_thumbup_test"/>
  <testcase name="testCase" time="0.09" classname="com.mistong.interfacetest.testcases.personalcenter.personalcenter_011_thumbup_test"/>
</testsuite> <!-- personalcenter11 -->
