<?xml version="1.0" encoding="UTF-8"?>
<!-- Generated by org.testng.reporters.JUnitXMLReporter -->
<testsuite hostname="Timer" name="personalcenter15" tests="2" failures="0" timestamp="13 Jan 2017 09:40:45 GMT" time="0.551" errors="0">
  <testcase name="testCase" time="0.083" classname="com.mistong.interfacetest.testcases.personalcenter.personalcenter_015_sign_test"/>
  <testcase name="testCase" time="0.02" classname="com.mistong.interfacetest.testcases.personalcenter.personalcenter_015_sign_test"/>
</testsuite> <!-- personalcenter15 -->
