<?xml version="1.0" encoding="UTF-8"?>
<!-- Generated by org.testng.reporters.JUnitXMLReporter -->
<testsuite hostname="Timer" name="personalcenter03" tests="4" failures="0" timestamp="13 Jan 2017 09:40:27 GMT" time="0.282" errors="0">
  <testcase name="testCase" time="0.027" classname="com.mistong.interfacetest.testcases.personalcenter.personalcenter_003_schoollist_test"/>
  <testcase name="testCase" time="0.023" classname="com.mistong.interfacetest.testcases.personalcenter.personalcenter_003_schoollist_test"/>
  <testcase name="testCase" time="0.025" classname="com.mistong.interfacetest.testcases.personalcenter.personalcenter_003_schoollist_test"/>
  <testcase name="testCase" time="0.115" classname="com.mistong.interfacetest.testcases.personalcenter.personalcenter_003_schoollist_test"/>
</testsuite> <!-- personalcenter03 -->
