<?xml version="1.0" encoding="UTF-8"?>
<!-- Generated by org.testng.reporters.JUnitXMLReporter -->
<testsuite hostname="Timer" name="reg" tests="4" failures="0" timestamp="13 Jan 2017 09:37:54 GMT" time="14.149" errors="0">
  <testcase name="registerSuccessFunction" time="3.19" classname="com.mistong.interfacetest.testcases.reglogin.register_002_reg_test"/>
  <testcase name="registerSuccessFunction" time="2.525" classname="com.mistong.interfacetest.testcases.reglogin.register_002_reg_test"/>
  <testcase name="registerSuccessFunction" time="4.676" classname="com.mistong.interfacetest.testcases.reglogin.register_002_reg_test"/>
  <testcase name="registerSuccessFunction" time="3.48" classname="com.mistong.interfacetest.testcases.reglogin.register_002_reg_test"/>
</testsuite> <!-- reg -->
