<?xml version="1.0" encoding="UTF-8"?>
<!-- Generated by org.testng.reporters.JUnitXMLReporter -->
<testsuite hostname="Timer" name="update" tests="8" failures="0" timestamp="13 Jan 2017 09:41:03 GMT" time="0.222" errors="0">
  <testcase name="testCase" time="0.017" classname="com.mistong.interfacetest.testcases.update.update_001_versionupdate_test"/>
  <testcase name="testCase" time="0.02" classname="com.mistong.interfacetest.testcases.update.update_001_versionupdate_test"/>
  <testcase name="testCase" time="0.014" classname="com.mistong.interfacetest.testcases.update.update_001_versionupdate_test"/>
  <testcase name="testCase" time="0.014" classname="com.mistong.interfacetest.testcases.update.update_001_versionupdate_test"/>
  <testcase name="testCase" time="0.013" classname="com.mistong.interfacetest.testcases.update.update_001_versionupdate_test"/>
  <testcase name="testCase" time="0.015" classname="com.mistong.interfacetest.testcases.update.update_001_versionupdate_test"/>
  <testcase name="testCase" time="0.013" classname="com.mistong.interfacetest.testcases.update.update_001_versionupdate_test"/>
  <testcase name="testCase" time="0.014" classname="com.mistong.interfacetest.testcases.update.update_001_versionupdate_test"/>
</testsuite> <!-- update -->
