<?xml version="1.0" encoding="UTF-8"?>
<!-- Generated by org.testng.reporters.JUnitXMLReporter -->
<testsuite hostname="Timer" name="verificationCode" tests="6" failures="0" timestamp="13 Jan 2017 13:11:33 GMT" time="8.043" errors="0">
  <testcase name="registerSuccessFunction" time="0.597" classname="com.mistong.interfacetest.testcases.reglogin.register_001_verificationCode_test"/>
  <testcase name="registerSuccessFunction" time="0.026" classname="com.mistong.interfacetest.testcases.reglogin.register_001_verificationCode_test"/>
  <testcase name="registerSuccessFunction" time="0.024" classname="com.mistong.interfacetest.testcases.reglogin.register_001_verificationCode_test"/>
  <testcase name="registerSuccessFunction" time="0.009" classname="com.mistong.interfacetest.testcases.reglogin.register_001_verificationCode_test"/>
  <testcase name="registerSuccessFunction" time="0.308" classname="com.mistong.interfacetest.testcases.reglogin.register_001_verificationCode_test"/>
  <testcase name="registerSuccessFunction" time="0.171" classname="com.mistong.interfacetest.testcases.reglogin.register_001_verificationCode_test"/>
</testsuite> <!-- verificationCode -->
